<?xml version="1.0" encoding="UTF-8"?>
<!-- Generated by org.testng.reporters.JUnitReportReporter -->
<testsuite hostname="DESKTOP-EUH2O3V" failures="0" tests="8" name="TestScenario2.Sample2" time="0.007" errors="0" timestamp="2023-11-14T11:20:51 IST" skipped="0">
  <testcase classname="TestScenario2.Sample2" name="opentheAccountPage" time="0.001"/>
  <system-out/>
  <testcase classname="TestScenario2.Sample2" name="opentheAccountPage" time="0.002"/>
  <system-out/>
  <testcase classname="TestScenario2.Sample2" name="login" time="0.001"/>
  <system-out/>
  <testcase classname="TestScenario2.Sample2" name="Accounts" time="0.001"/>
  <system-out/>
  <testcase classname="TestScenario2.Sample2" name="createAccounts" time="0.001"/>
  <system-out/>
  <testcase classname="TestScenario2.Sample2" name="createAccounts" time="0.000"/>
  <system-out/>
  <testcase classname="TestScenario2.Sample2" name="Logout" time="0.001"/>
  <system-out/>
  <testcase classname="TestScenario2.Sample2" name="Logout" time="0.000"/>
  <system-out/>
</testsuite> <!-- TestScenario2.Sample2 -->
