<?xml version="1.0" encoding="UTF-8"?>
<!-- Generated by org.testng.reporters.JUnitReportReporter -->
<testsuite hostname="DESKTOP-EUH2O3V" failures="0" tests="4" name="com.app.TestNGScripts.ParallelTestDemo" time="31.713" errors="0" timestamp="2023-11-14T12:06:46 IST" skipped="0">
  <testcase classname="com.app.TestNGScripts.ParallelTestDemo" name="wikiPage2" time="7.031"/>
  <system-out/>
  <testcase classname="com.app.TestNGScripts.ParallelTestDemo" name="ninjaPage1" time="7.260"/>
  <system-out/>
  <testcase classname="com.app.TestNGScripts.ParallelTestDemo" name="wikiPage1" time="8.881"/>
  <system-out/>
  <testcase classname="com.app.TestNGScripts.ParallelTestDemo" name="ninjaPage2" time="8.541"/>
  <system-out/>
</testsuite> <!-- com.app.TestNGScripts.ParallelTestDemo -->
