<?xml version="1.0" encoding="UTF-8"?>
<!-- Generated by org.testng.reporters.JUnitReportReporter -->
<testsuite hostname="DESKTOP-EUH2O3V" failures="0" tests="3" name="com.app.TestNG.DataDrivenTesting.DataProviderAnnotation" time="7.631" errors="0" timestamp="2023-11-15T12:03:05 IST" skipped="0">
  <testcase classname="com.app.TestNG.DataDrivenTesting.DataProviderAnnotation" name="CreateAccount" time="2.569"/>
  <system-out/>
  <testcase classname="com.app.TestNG.DataDrivenTesting.DataProviderAnnotation" name="CreateAccount" time="2.471"/>
  <system-out/>
  <testcase classname="com.app.TestNG.DataDrivenTesting.DataProviderAnnotation" name="CreateAccount" time="2.591"/>
  <system-out/>
</testsuite> <!-- com.app.TestNG.DataDrivenTesting.DataProviderAnnotation -->
