<?xml version="1.0" encoding="UTF-8"?>
<!-- Generated by org.testng.reporters.JUnitReportReporter -->
<testsuite hostname="DESKTOP-EUH2O3V" failures="0" tests="1" name="com.app.TestNG.extentreports.ExtentReportDemo2" time="0.899" errors="0" timestamp="2023-11-14T12:59:27 IST" skipped="0">
  <testcase classname="com.app.TestNG.extentreports.ExtentReportDemo2" name="extentDemo2" time="0.899"/>
  <system-out/>
</testsuite> <!-- com.app.TestNG.extentreports.ExtentReportDemo2 -->
