<?xml version="1.0" encoding="UTF-8"?>
<!-- Generated by org.testng.reporters.JUnitReportReporter -->
<testsuite hostname="DESKTOP-EUH2O3V" failures="0" tests="1" name="com.app.TestNGScripts.SoftAssertionExampe" time="0.579" errors="0" timestamp="2023-11-14T10:26:57 IST" skipped="0">
  <testcase classname="com.app.TestNGScripts.SoftAssertionExampe" name="GetTitle" time="0.579"/>
  <system-out/>
</testsuite> <!-- com.app.TestNGScripts.SoftAssertionExampe -->
