<?xml version="1.0" encoding="UTF-8"?>
<!-- Generated by org.testng.reporters.JUnitReportReporter -->
<testsuite hostname="DESKTOP-EUH2O3V" failures="0" tests="3" name="com.app.TestNG.DataDrivenTesting.ParameterDemo" time="3.541" errors="0" timestamp="2023-11-18T13:24:22 IST" skipped="0">
  <testcase classname="com.app.TestNG.DataDrivenTesting.ParameterDemo" name="login" time="1.183"/>
  <system-out/>
  <testcase classname="com.app.TestNG.DataDrivenTesting.ParameterDemo" name="login" time="1.186"/>
  <system-out/>
  <testcase classname="com.app.TestNG.DataDrivenTesting.ParameterDemo" name="login" time="1.172"/>
  <system-out/>
</testsuite> <!-- com.app.TestNG.DataDrivenTesting.ParameterDemo -->
