<?xml version="1.0" encoding="UTF-8"?>
<!-- Generated by org.testng.reporters.JUnitReportReporter -->
<testsuite hostname="DESKTOP-EUH2O3V" failures="0" tests="1" name="com.app.SeleniumGridDemo.GRIDStandaloneDemo" time="15.897" errors="0" timestamp="2023-11-15T21:43:45 IST" skipped="0">
  <testcase classname="com.app.SeleniumGridDemo.GRIDStandaloneDemo" name="GridDemo1" time="15.897"/>
  <system-out/>
</testsuite> <!-- com.app.SeleniumGridDemo.GRIDStandaloneDemo -->
