<?xml version="1.0" encoding="UTF-8"?>
<!-- Generated by org.testng.reporters.JUnitReportReporter -->
<testsuite hostname="DESKTOP-EUH2O3V" failures="0" tests="9" name="com.app.TestNG.DataDrivenTesting.WikiCreateAccount" time="24.615" errors="0" timestamp="2023-11-15T21:25:04 IST" skipped="0">
  <testcase classname="com.app.TestNG.DataDrivenTesting.WikiCreateAccount" name="CreateAccount" time="3.105"/>
  <system-out/>
  <testcase classname="com.app.TestNG.DataDrivenTesting.WikiCreateAccount" name="CreateAccount" time="2.655"/>
  <system-out/>
  <testcase classname="com.app.TestNG.DataDrivenTesting.WikiCreateAccount" name="CreateAccount" time="2.687"/>
  <system-out/>
  <testcase classname="com.app.TestNG.DataDrivenTesting.WikiCreateAccount" name="CreateAccount" time="2.771"/>
  <system-out/>
  <testcase classname="com.app.TestNG.DataDrivenTesting.WikiCreateAccount" name="CreateAccount" time="2.655"/>
  <system-out/>
  <testcase classname="com.app.TestNG.DataDrivenTesting.WikiCreateAccount" name="CreateAccount" time="2.788"/>
  <system-out/>
  <testcase classname="com.app.TestNG.DataDrivenTesting.WikiCreateAccount" name="CreateAccount" time="2.644"/>
  <system-out/>
  <testcase classname="com.app.TestNG.DataDrivenTesting.WikiCreateAccount" name="CreateAccount" time="2.555"/>
  <system-out/>
  <testcase classname="com.app.TestNG.DataDrivenTesting.WikiCreateAccount" name="CreateAccount" time="2.755"/>
  <system-out/>
</testsuite> <!-- com.app.TestNG.DataDrivenTesting.WikiCreateAccount -->
