<?xml version="1.0" encoding="UTF-8"?>
<!-- Generated by org.testng.reporters.JUnitReportReporter -->
<testsuite hostname="DESKTOP-EUH2O3V" failures="0" tests="7" name="TestScenario2.Sample1" time="0.010" errors="0" timestamp="2023-11-14T11:20:51 IST" skipped="0">
  <testcase classname="TestScenario2.Sample1" name="openapp" time="0.001"/>
  <system-out/>
  <testcase classname="TestScenario2.Sample1" name="openapp" time="0.006"/>
  <system-out/>
  <testcase classname="TestScenario2.Sample1" name="loginSample1" time="0.000"/>
  <system-out/>
  <testcase classname="TestScenario2.Sample1" name="loginWithInvalidData" time="0.001"/>
  <system-out/>
  <testcase classname="TestScenario2.Sample1" name="loginWithInvalidData" time="0.001"/>
  <system-out/>
  <testcase classname="TestScenario2.Sample1" name="loginWithWrongPassword" time="0.001"/>
  <system-out/>
  <testcase classname="TestScenario2.Sample1" name="loginWithWrongPassword" time="0.000"/>
  <system-out/>
</testsuite> <!-- TestScenario2.Sample1 -->
