<?xml version="1.0" encoding="UTF-8"?>
<!-- Generated by org.testng.reporters.JUnitReportReporter -->
<testsuite hostname="DESKTOP-EUH2O3V" failures="0" tests="1" name="com.app.TestNG.extentreports.SetUpCheck" time="0.791" errors="0" timestamp="2023-11-14T12:49:32 IST" skipped="0">
  <testcase classname="com.app.TestNG.extentreports.SetUpCheck" name="extentDemo2" time="0.791"/>
  <system-out/>
</testsuite> <!-- com.app.TestNG.extentreports.SetUpCheck -->
