<?xml version="1.0" encoding="UTF-8"?>
<!-- Generated by org.testng.reporters.JUnitReportReporter -->
<testsuite hostname="DESKTOP-EUH2O3V" failures="0" tests="3" name="com.app.TDD.demo.TestPopulationSearch" time="0.015" errors="0" timestamp="2023-11-20T11:47:21 IST" skipped="0">
  <testcase classname="com.app.TDD.demo.TestPopulationSearch" name="findpopulationInvalidInput" time="0.001"/>
  <system-out/>
  <testcase classname="com.app.TDD.demo.TestPopulationSearch" name="findpopulation" time="0.013"/>
  <system-out/>
  <testcase classname="com.app.TDD.demo.TestPopulationSearch" name="findpopulationEmptyInput" time="0.001"/>
  <system-out/>
</testsuite> <!-- com.app.TDD.demo.TestPopulationSearch -->
