<?xml version="1.0" encoding="UTF-8"?>
<!-- Generated by org.testng.reporters.JUnitReportReporter -->
<testsuite hostname="DESKTOP-EUH2O3V" failures="0" tests="1" name="com.app.TDD.demo.TestUsernameFeature" time="0.014" errors="0" timestamp="2023-11-20T10:41:12 IST" skipped="0">
  <testcase classname="com.app.TDD.demo.TestUsernameFeature" name="UsernameTest" time="0.014"/>
  <system-out/>
</testsuite> <!-- com.app.TDD.demo.TestUsernameFeature -->
