<?xml version="1.0" encoding="UTF-8"?>
<!-- Generated by org.testng.reporters.JUnitReportReporter -->
<testsuite hostname="DESKTOP-EUH2O3V" failures="0" tests="2" name="com.app.TDD.demo.CalculatorTest" time="0.011" errors="0" timestamp="2023-11-20T12:06:27 IST" skipped="0">
  <testcase classname="com.app.TDD.demo.CalculatorTest" name="testAdd" time="0.010"/>
  <system-out/>
  <testcase classname="com.app.TDD.demo.CalculatorTest" name="testSub" time="0.001"/>
  <system-out/>
</testsuite> <!-- com.app.TDD.demo.CalculatorTest -->
